# ASCII FTW:Reverse Engineering

This program has constructed the flag using hex ascii values.\
Identify the flag text by disassembling the program.\
You can download the file from [here]().

# Solution

asciiftwを実行可能にし、gdbでmainを逆アセンブルする。
```
   0x0000000000001169 <+0>:     endbr64 
   0x000000000000116d <+4>:     push   rbp
   0x000000000000116e <+5>:     mov    rbp,rsp
   0x0000000000001171 <+8>:     sub    rsp,0x30
   0x0000000000001175 <+12>:    mov    rax,QWORD PTR fs:0x28
   0x000000000000117e <+21>:    mov    QWORD PTR [rbp-0x8],rax
   0x0000000000001182 <+25>:    xor    eax,eax
   0x0000000000001184 <+27>:    mov    BYTE PTR [rbp-0x30],0x70
   0x0000000000001188 <+31>:    mov    BYTE PTR [rbp-0x2f],0x69
   0x000000000000118c <+35>:    mov    BYTE PTR [rbp-0x2e],0x63
   0x0000000000001190 <+39>:    mov    BYTE PTR [rbp-0x2d],0x6f
   0x0000000000001194 <+43>:    mov    BYTE PTR [rbp-0x2c],0x43
   0x0000000000001198 <+47>:    mov    BYTE PTR [rbp-0x2b],0x54
   0x000000000000119c <+51>:    mov    BYTE PTR [rbp-0x2a],0x46
   0x00000000000011a0 <+55>:    mov    BYTE PTR [rbp-0x29],0x7b
   0x00000000000011a4 <+59>:    mov    BYTE PTR [rbp-0x28],0x41
   0x00000000000011a8 <+63>:    mov    BYTE PTR [rbp-0x27],0x53
   0x00000000000011ac <+67>:    mov    BYTE PTR [rbp-0x26],0x43
   0x00000000000011b0 <+71>:    mov    BYTE PTR [rbp-0x25],0x49
   0x00000000000011b4 <+75>:    mov    BYTE PTR [rbp-0x24],0x49
   0x00000000000011b8 <+79>:    mov    BYTE PTR [rbp-0x23],0x5f
   0x00000000000011bc <+83>:    mov    BYTE PTR [rbp-0x22],0x49
   0x00000000000011c0 <+87>:    mov    BYTE PTR [rbp-0x21],0x53
   0x00000000000011c4 <+91>:    mov    BYTE PTR [rbp-0x20],0x5f
   0x00000000000011c8 <+95>:    mov    BYTE PTR [rbp-0x1f],0x45
   0x00000000000011cc <+99>:    mov    BYTE PTR [rbp-0x1e],0x41
   0x00000000000011d0 <+103>:   mov    BYTE PTR [rbp-0x1d],0x53
   0x00000000000011d4 <+107>:   mov    BYTE PTR [rbp-0x1c],0x59
   0x00000000000011d8 <+111>:   mov    BYTE PTR [rbp-0x1b],0x5f
   0x00000000000011dc <+115>:   mov    BYTE PTR [rbp-0x1a],0x38
   0x00000000000011e0 <+119>:   mov    BYTE PTR [rbp-0x19],0x39
   0x00000000000011e4 <+123>:   mov    BYTE PTR [rbp-0x18],0x36
   0x00000000000011e8 <+127>:   mov    BYTE PTR [rbp-0x17],0x30
   0x00000000000011ec <+131>:   mov    BYTE PTR [rbp-0x16],0x46
   0x00000000000011f0 <+135>:   mov    BYTE PTR [rbp-0x15],0x30
   0x00000000000011f4 <+139>:   mov    BYTE PTR [rbp-0x14],0x41
   0x00000000000011f8 <+143>:   mov    BYTE PTR [rbp-0x13],0x46
   0x00000000000011fc <+147>:   mov    BYTE PTR [rbp-0x12],0x7d
   0x0000000000001200 <+151>:   movzx  eax,BYTE PTR [rbp-0x30]
   0x0000000000001204 <+155>:   movsx  eax,al
   0x0000000000001207 <+158>:   mov    esi,eax
   0x0000000000001209 <+160>:   lea    rdi,[rip+0xdf4]        # 0x2004
   0x0000000000001210 <+167>:   mov    eax,0x0
   0x0000000000001215 <+172>:   call   0x1070 <printf@plt>
   0x000000000000121a <+177>:   nop
   0x000000000000121b <+178>:   mov    rax,QWORD PTR [rbp-0x8]
   0x000000000000121f <+182>:   xor    rax,QWORD PTR fs:0x28
   0x0000000000001228 <+191>:   je     0x122f <main+198>
   0x000000000000122a <+193>:   call   0x1060 <__stack_chk_fail@plt>
   0x000000000000122f <+198>:   leave  
   0x0000000000001230 <+199>:   ret
```
16進数がrbpに格納されているのでmain+151にブレイクポイントを設定してrbp-0x30からの情報を抽出する。
```
(gdb) x/100xb $rbp-0x30
0x7ffe6634d200: 0x70    0x69    0x63    0x6f    0x43    0x54    0x46    0x7b
0x7ffe6634d208: 0x41    0x53    0x43    0x49    0x49    0x5f    0x49    0x53
0x7ffe6634d210: 0x5f    0x45    0x41    0x53    0x59    0x5f    0x38    0x39
0x7ffe6634d218: 0x36    0x30    0x46    0x30    0x41    0x46    0x7d    0x00
0x7ffe6634d220: 0x00    0x00    0x00    0x00    0x00    0x00    0x00    0x00
0x7ffe6634d228: 0x00    0x2f    0x7c    0x50    0xd0    0xe1    0x18    0x7a
0x7ffe6634d230: 0x01    0x00    0x00    0x00    0x00    0x00    0x00    0x00
0x7ffe6634d238: 0x90    0xbd    0xcd    0x57    0x68    0x7f    0x00    0x00
0x7ffe6634d240: 0x00    0x00    0x00    0x00    0x00    0x00    0x00    0x00
0x7ffe6634d248: 0x69    0x61    0x75    0x3b    0xda    0x55    0x00    0x00
0x7ffe6634d250: 0x00    0x00    0x00    0x00    0x01    0x00    0x00    0x00
0x7ffe6634d258: 0x48    0xd3    0x34    0x66    0xfe    0x7f    0x00    0x00
0x7ffe6634d260: 0x00    0x00    0x00    0x00
```
フラグっぽい所を抜き出してascii変換する。
```
0x70 0x69 0x63 0x6f 0x43 0x54 0x46 0x7b 0x41 0x53 0x43 0x49 0x49 0x5f 0x49 0x53 0x5f 0x45 0x41 0x53 0x59 0x5f 0x38 0x39 0x36 0x30 0x46 0x30 0x41 0x46 0x7d
```
フラグが得られた。

`picoCTF{ASCII_IS_EASY_8960F0AF}`

ちなみに、`x/s $rbp-0x30`とすると、変換せずともasciiが出てくる。
```
(gdb) x/s $rbp-0x30
0x7fffac68a110: "picoCTF{ASCII_IS_EASY_8960F0AF}"
```

